<?xml version="1.0" encoding="UTF-8"?>
<!-- Generated by org.testng.reporters.JUnitXMLReporter -->
<testsuite ignored="0" hostname="USMUMSAMJAIN01" failures="0" tests="3" name="Default test" time="0.097" errors="0" timestamp="2024-01-18T13:55:10 IST">
  <testcase classname="Annotataions.GroupingExample" name="test1" time="0.013"/>
  <testcase classname="Annotataions.GroupingExample" name="test2" time="0.002"/>
  <testcase classname="Annotataions.GroupingExample" name="test3" time="0.002"/>
</testsuite> <!-- Default test -->
