<?xml version="1.0" encoding="UTF-8"?>
<!-- Generated by org.testng.reporters.JUnitXMLReporter -->
<testsuite ignored="1" hostname="USMUMSAMJAIN01" failures="0" tests="2" name="Test" time="0.081" errors="0" timestamp="2024-01-18T13:57:36 IST">
  <testcase classname="Annotataions.GroupingExample" name="test1" time="0.01"/>
  <testcase classname="Annotataions.GroupingExample" name="test2" time="0.002"/>
  <testcase classname="Annotataions.GroupingExample" name="test3" time="0.0">
    <ignored/>
  </testcase> <!-- test3 -->
</testsuite> <!-- Test -->
