<?xml version="1.0" encoding="UTF-8"?>
<testng-results ignored="0" total="2" passed="2" failed="0" skipped="0">
  <reporter-output>
  </reporter-output>
  <suite started-at="2023-11-05T17:42:07Z" name="Default suite" finished-at="2023-11-05T17:42:07Z" duration-ms="41">
    <groups>
    </groups>
    <test started-at="2023-11-05T17:42:07Z" name="Default test" finished-at="2023-11-05T17:42:07Z" duration-ms="41">
      <class name="Annotataions.TestNGAnnotations">
        <test-method is-config="true" signature="connectWithDb()[pri:0, instance:Annotataions.TestNGAnnotations@1b75c2e3]" started-at="2023-11-05T17:42:07Z" name="connectWithDb" finished-at="2023-11-05T17:42:07Z" duration-ms="10" status="PASS">
          <reporter-output>
          </reporter-output>
        </test-method> <!-- connectWithDb -->
        <test-method is-config="true" signature="launchBrowser()[pri:0, instance:Annotataions.TestNGAnnotations@1b75c2e3]" started-at="2023-11-05T17:42:07Z" name="launchBrowser" finished-at="2023-11-05T17:42:07Z" duration-ms="0" status="PASS">
          <reporter-output>
          </reporter-output>
        </test-method> <!-- launchBrowser -->
        <test-method is-config="true" signature="login()[pri:0, instance:Annotataions.TestNGAnnotations@1b75c2e3]" started-at="2023-11-05T17:42:07Z" name="login" finished-at="2023-11-05T17:42:07Z" duration-ms="0" status="PASS">
          <reporter-output>
          </reporter-output>
        </test-method> <!-- login -->
        <test-method signature="serachTest()[pri:1, instance:Annotataions.TestNGAnnotations@1b75c2e3]" started-at="2023-11-05T17:42:07Z" name="serachTest" finished-at="2023-11-05T17:42:07Z" duration-ms="5" status="PASS">
          <reporter-output>
          </reporter-output>
        </test-method> <!-- serachTest -->
        <test-method is-config="true" signature="logout()[pri:0, instance:Annotataions.TestNGAnnotations@1b75c2e3]" started-at="2023-11-05T17:42:07Z" name="logout" finished-at="2023-11-05T17:42:07Z" duration-ms="1" status="PASS">
          <reporter-output>
          </reporter-output>
        </test-method> <!-- logout -->
        <test-method is-config="true" signature="login()[pri:0, instance:Annotataions.TestNGAnnotations@1b75c2e3]" started-at="2023-11-05T17:42:07Z" name="login" finished-at="2023-11-05T17:42:07Z" duration-ms="0" status="PASS">
          <reporter-output>
          </reporter-output>
        </test-method> <!-- login -->
        <test-method signature="serachPatient()[pri:2, instance:Annotataions.TestNGAnnotations@1b75c2e3]" started-at="2023-11-05T17:42:07Z" name="serachPatient" finished-at="2023-11-05T17:42:07Z" duration-ms="1" status="PASS">
          <reporter-output>
          </reporter-output>
        </test-method> <!-- serachPatient -->
        <test-method is-config="true" signature="DisconnectWithDb()[pri:0, instance:Annotataions.TestNGAnnotations@1b75c2e3]" started-at="2023-11-05T17:42:07Z" name="DisconnectWithDb" finished-at="2023-11-05T17:42:07Z" duration-ms="0" status="PASS">
          <reporter-output>
          </reporter-output>
        </test-method> <!-- DisconnectWithDb -->
        <test-method is-config="true" signature="closeBrowser()[pri:0, instance:Annotataions.TestNGAnnotations@1b75c2e3]" started-at="2023-11-05T17:42:07Z" name="closeBrowser" finished-at="2023-11-05T17:42:07Z" duration-ms="0" status="PASS">
          <reporter-output>
          </reporter-output>
        </test-method> <!-- closeBrowser -->
        <test-method is-config="true" signature="logout()[pri:0, instance:Annotataions.TestNGAnnotations@1b75c2e3]" started-at="2023-11-05T17:42:07Z" name="logout" finished-at="2023-11-05T17:42:07Z" duration-ms="0" status="PASS">
          <reporter-output>
          </reporter-output>
        </test-method> <!-- logout -->
      </class> <!-- Annotataions.TestNGAnnotations -->
    </test> <!-- Default test -->
  </suite> <!-- Default suite -->
</testng-results>
