<?xml version="1.0" encoding="UTF-8"?>
<testng-results ignored="0" total="6" passed="6" failed="0" skipped="0">
  <reporter-output>
  </reporter-output>
  <suite started-at="2024-02-15T18:25:57 IST" name="Suite" finished-at="2024-02-15T18:25:58 IST" duration-ms="58">
    <groups>
    </groups>
    <test started-at="2024-02-15T18:25:57 IST" name="Test1" finished-at="2024-02-15T18:25:58 IST" duration-ms="58">
      <class name="TestNgExamples.Sample3">
        <test-method signature="m1()[pri:0, instance:TestNgExamples.Sample3@48aca48b]" started-at="2024-02-15T18:25:58 IST" name="m1" finished-at="2024-02-15T18:25:58 IST" duration-ms="9" status="PASS">
          <reporter-output>
          </reporter-output>
        </test-method> <!-- m1 -->
        <test-method signature="m2()[pri:0, instance:TestNgExamples.Sample3@48aca48b]" started-at="2024-02-15T18:25:58 IST" name="m2" finished-at="2024-02-15T18:25:58 IST" duration-ms="1" status="PASS">
          <reporter-output>
          </reporter-output>
        </test-method> <!-- m2 -->
        <test-method signature="m3()[pri:0, instance:TestNgExamples.Sample3@48aca48b]" started-at="2024-02-15T18:25:58 IST" name="m3" finished-at="2024-02-15T18:25:58 IST" duration-ms="2" status="PASS">
          <reporter-output>
          </reporter-output>
        </test-method> <!-- m3 -->
      </class> <!-- TestNgExamples.Sample3 -->
    </test> <!-- Test1 -->
    <test started-at="2024-02-15T18:25:57 IST" name="Test2" finished-at="2024-02-15T18:25:58 IST" duration-ms="58">
      <class name="TestNgExamples.Sample4">
        <test-method signature="m4()[pri:0, instance:TestNgExamples.Sample4@235ecd9f]" started-at="2024-02-15T18:25:58 IST" name="m4" finished-at="2024-02-15T18:25:58 IST" duration-ms="9" status="PASS">
          <reporter-output>
          </reporter-output>
        </test-method> <!-- m4 -->
        <test-method signature="m5()[pri:0, instance:TestNgExamples.Sample4@235ecd9f]" started-at="2024-02-15T18:25:58 IST" name="m5" finished-at="2024-02-15T18:25:58 IST" duration-ms="2" status="PASS">
          <reporter-output>
          </reporter-output>
        </test-method> <!-- m5 -->
        <test-method signature="m6()[pri:0, instance:TestNgExamples.Sample4@235ecd9f]" started-at="2024-02-15T18:25:58 IST" name="m6" finished-at="2024-02-15T18:25:58 IST" duration-ms="1" status="PASS">
          <reporter-output>
          </reporter-output>
        </test-method> <!-- m6 -->
      </class> <!-- TestNgExamples.Sample4 -->
    </test> <!-- Test2 -->
  </suite> <!-- Suite -->
</testng-results>
